<?xml version="1.0" encoding="UTF-8"?>
<testng-results ignored="0" total="1" passed="1" failed="0" skipped="0">
  <reporter-output>
  </reporter-output>
  <suite started-at="2022-07-18T22:45:01 IST" name="Default suite" finished-at="2022-07-18T22:45:01 IST" duration-ms="51">
    <groups>
    </groups>
    <test started-at="2022-07-18T22:45:01 IST" name="Default test" finished-at="2022-07-18T22:45:01 IST" duration-ms="51">
      <class name="com.Maven.practiceTest.PracticeTest1">
        <test-method signature="PracticeTest()[pri:0, instance:com.Maven.practiceTest.PracticeTest1@f5acb9d]" started-at="2022-07-18T22:45:01 IST" name="PracticeTest" finished-at="2022-07-18T22:45:01 IST" duration-ms="9" status="PASS">
          <reporter-output>
          </reporter-output>
        </test-method> <!-- PracticeTest -->
      </class> <!-- com.Maven.practiceTest.PracticeTest1 -->
    </test> <!-- Default test -->
  </suite> <!-- Default suite -->
</testng-results>
